yichebao-client/app/build/outputs/apk/manifest-merger-debug-report.txt
-- Merging decision tree log ---
manifest
ADDED from AndroidManifest.xml:2:1
	package
		ADDED from AndroidManifest.xml:3:2
		INJECTED from AndroidManifest.xml:0:0
		INJECTED from AndroidManifest.xml:0:0
	android:versionName
		ADDED from AndroidManifest.xml:5:2
	android:versionCode
		ADDED from AndroidManifest.xml:4:2
		INJECTED from AndroidManifest.xml:0:0
		INJECTED from AndroidManifest.xml:0:0
	xmlns:android
		ADDED from AndroidManifest.xml:2:11
uses-sdk
ADDED from AndroidManifest.xml:7:2
	android:targetSdkVersion
		ADDED from AndroidManifest.xml:9:3
		INJECTED from AndroidManifest.xml:0:0
		INJECTED from AndroidManifest.xml:0:0
	android:minSdkVersion
		ADDED from AndroidManifest.xml:8:3
		INJECTED from AndroidManifest.xml:0:0
		INJECTED from AndroidManifest.xml:0:0
uses-permission#android.permission.INTERNET
ADDED from AndroidManifest.xml:10:2
	android:name
		ADDED from AndroidManifest.xml:10:19
application
ADDED from AndroidManifest.xml:12:2
	android:label
		ADDED from AndroidManifest.xml:15:3
	android:allowBackup
		ADDED from AndroidManifest.xml:13:3
	android:icon
		ADDED from AndroidManifest.xml:14:3
	android:theme
		ADDED from AndroidManifest.xml:16:3
activity#com.sysu.yibaosysu.LaunchActivity
ADDED from AndroidManifest.xml:17:3
	android:label
		ADDED from AndroidManifest.xml:19:4
	android:name
		ADDED from AndroidManifest.xml:18:4
intent-filter#android.intent.action.MAIN+android.intent.category.LAUNCHER
ADDED from AndroidManifest.xml:20:4
action#android.intent.action.MAIN
ADDED from AndroidManifest.xml:21:5
	android:name
		ADDED from AndroidManifest.xml:21:13
category#android.intent.category.LAUNCHER
ADDED from AndroidManifest.xml:23:5
	android:name
		ADDED from AndroidManifest.xml:23:15
activity#com.sysu.yibaosysu.MainActivity
ADDED from AndroidManifest.xml:26:3
	android:name
		ADDED from AndroidManifest.xml:26:13